[debug] [2020-11-02T03:36:27.902Z] ----------------------------------------------------------------------
[debug] [2020-11-02T03:36:27.904Z] Command:       /Users/alwanmortada/.nvm/versions/node/v12.16.1/bin/node /usr/local/bin/firebase emulators:start
[debug] [2020-11-02T03:36:27.904Z] CLI Version:   8.13.1
[debug] [2020-11-02T03:36:27.904Z] Platform:      darwin
[debug] [2020-11-02T03:36:27.904Z] Node Version:  v12.16.1
[debug] [2020-11-02T03:36:27.905Z] Time:          Sun Nov 01 2020 21:36:27 GMT-0600 (Central Standard Time)
[debug] [2020-11-02T03:36:27.905Z] ----------------------------------------------------------------------
[debug] [2020-11-02T03:36:27.905Z] 
[debug] [2020-11-02T03:36:27.914Z] > command requires scopes: ["email","openid","https://www.googleapis.com/auth/cloudplatformprojects.readonly","https://www.googleapis.com/auth/firebase","https://www.googleapis.com/auth/cloud-platform"]
[debug] [2020-11-02T03:36:27.914Z] > authorizing via signed-in user
[info] i  emulators: Starting emulators: functions, hosting {"metadata":{"emulator":{"name":"hub"},"message":"Starting emulators: functions, hosting"}}
[debug] [2020-11-02T03:36:27.928Z] [hub] writing locator at /var/folders/q5/9qtlsc897ldb3clrnh3nv9cm0000gn/T/hub-youtubereact-142720.json
[warn] ⚠  functions: The following emulators are not running, calls to these services from the Functions emulator will affect production: auth, firestore, database, pubsub {"metadata":{"emulator":{"name":"functions"},"message":"The following emulators are not running, calls to these services from the Functions emulator will affect production: \u001b[1mauth, firestore, database, pubsub\u001b[22m"}}
[info] ✔  functions: Using node@12 from host. {"metadata":{"emulator":{"name":"functions"},"message":"Using node@12 from host."}}
[debug] [2020-11-02T03:36:27.943Z] defaultcredentials: writing to file /Users/alwanmortada/.config/firebase/almortada88_gmail_com_application_default_credentials.json
[debug] [2020-11-02T03:36:27.945Z] Setting GAC to /Users/alwanmortada/.config/firebase/almortada88_gmail_com_application_default_credentials.json {"metadata":{"emulator":{"name":"functions"},"message":"Setting GAC to /Users/alwanmortada/.config/firebase/almortada88_gmail_com_application_default_credentials.json"}}
[debug] [2020-11-02T03:36:28.217Z] >>> HTTP REQUEST GET https://firebase.googleapis.com/v1beta1/projects/youtubereact-142720/webApps/-/config  
 
[debug] [2020-11-02T03:36:28.612Z] <<< HTTP RESPONSE 200 {"content-type":"application/json; charset=UTF-8","vary":"X-Origin, Referer, Origin,Accept-Encoding","date":"Mon, 02 Nov 2020 03:36:28 GMT","server":"ESF","cache-control":"private","x-xss-protection":"0","x-frame-options":"SAMEORIGIN","x-content-type-options":"nosniff","alt-svc":"h3-Q050=\":443\"; ma=2592000,h3-29=\":443\"; ma=2592000,h3-T051=\":443\"; ma=2592000,h3-T050=\":443\"; ma=2592000,h3-Q046=\":443\"; ma=2592000,h3-Q043=\":443\"; ma=2592000,quic=\":443\"; ma=2592000; v=\"46,43\"","accept-ranges":"none","transfer-encoding":"chunked"}
[info] i  hosting: Serving hosting files from: build {"metadata":{"emulator":{"name":"hosting"},"message":"Serving hosting files from: \u001b[1mbuild\u001b[22m"}}
[info] ✔  hosting: Local server: http://localhost:5000 {"metadata":{"emulator":{"name":"hosting"},"message":"Local server: \u001b[4m\u001b[1mhttp://localhost:5000\u001b[22m\u001b[24m"}}
[warn] ⚠  ui: Emulator UI unable to start on port 4000, starting on 4001 instead. {"metadata":{"emulator":{"name":"ui"},"message":"Emulator UI unable to start on port 4000, starting on 4001 instead."}}
[debug] [2020-11-02T03:36:28.907Z] Ignoring unsupported arg: auto_download {"metadata":{"emulator":{"name":"ui"},"message":"Ignoring unsupported arg: auto_download"}}
[debug] [2020-11-02T03:36:28.907Z] Ignoring unsupported arg: port {"metadata":{"emulator":{"name":"ui"},"message":"Ignoring unsupported arg: port"}}
[debug] [2020-11-02T03:36:28.907Z] Starting Emulator UI with command {"binary":"node","args":["/Users/alwanmortada/.cache/firebase/emulators/ui-v1.1.1/server.bundle.js"],"optionalArgs":[],"joinArgs":false} {"metadata":{"emulator":{"name":"ui"},"message":"Starting Emulator UI with command {\"binary\":\"node\",\"args\":[\"/Users/alwanmortada/.cache/firebase/emulators/ui-v1.1.1/server.bundle.js\"],\"optionalArgs\":[],\"joinArgs\":false}"}}
[info] i  ui: Emulator UI logging to ui-debug.log {"metadata":{"emulator":{"name":"ui"},"message":"Emulator UI logging to \u001b[1mui-debug.log\u001b[22m"}}
[debug] [2020-11-02T03:36:29.008Z] Web / API server started at http://localhost:4001
 {"metadata":{"emulator":{"name":"ui"},"message":"Web / API server started at http://localhost:4001\n"}}
[info] i  functions: Watching "/Users/alwanmortada/Desktop/AMZ-Clone/functions" for Cloud Functions... {"metadata":{"emulator":{"name":"functions"},"message":"Watching \"/Users/alwanmortada/Desktop/AMZ-Clone/functions\" for Cloud Functions..."}}
[debug] [2020-11-02T03:36:29.181Z] [worker-pool] addWorker(~diagnostic~) {"metadata":{"emulator":{"name":"functions"},"message":"[worker-pool] addWorker(~diagnostic~)"}}
[debug] [2020-11-02T03:36:29.181Z] [worker-pool] Adding worker with key ~diagnostic~, total=1 {"metadata":{"emulator":{"name":"functions"},"message":"[worker-pool] Adding worker with key ~diagnostic~, total=1"}}
[debug] [2020-11-02T03:36:29.182Z] [worker-pool] submitWork(triggerId=) {"metadata":{"emulator":{"name":"functions"},"message":"[worker-pool] submitWork(triggerId=)"}}
[debug] [2020-11-02T03:36:29.182Z] [worker-~diagnostic~-6ee06203-db26-431b-85b1-a76b2348102a]: Assigning socketPath: /var/folders/q5/9qtlsc897ldb3clrnh3nv9cm0000gn/T/fire_emu_29332.sock {"metadata":{"emulator":{"name":"functions"},"message":"[worker-~diagnostic~-6ee06203-db26-431b-85b1-a76b2348102a]: Assigning socketPath: /var/folders/q5/9qtlsc897ldb3clrnh3nv9cm0000gn/T/fire_emu_29332.sock"}}
[debug] [2020-11-02T03:36:29.182Z] [worker-~diagnostic~-6ee06203-db26-431b-85b1-a76b2348102a]: BUSY {"metadata":{"emulator":{"name":"functions"},"message":"[worker-~diagnostic~-6ee06203-db26-431b-85b1-a76b2348102a]: BUSY"}}
[debug] [2020-11-02T03:36:29.435Z] [runtime-status] [29332] Functions runtime initialized. {"cwd":"/Users/alwanmortada/Desktop/AMZ-Clone/functions","node_version":"12.16.1"} {"metadata":{"emulator":{"name":"functions"},"message":"[runtime-status] [29332] Functions runtime initialized. {\"cwd\":\"/Users/alwanmortada/Desktop/AMZ-Clone/functions\",\"node_version\":\"12.16.1\"}"}}
[debug] [2020-11-02T03:36:29.436Z] [runtime-status] [29332] Disabled runtime features: undefined {"metadata":{"emulator":{"name":"functions"},"message":"[runtime-status] [29332] Disabled runtime features: undefined"}}
[debug] [2020-11-02T03:36:29.437Z] [runtime-status] [29332] Resolved module firebase-admin {"declared":true,"installed":true,"version":"9.3.0","resolution":"/Users/alwanmortada/Desktop/AMZ-Clone/functions/node_modules/firebase-admin/lib/index.js"} {"metadata":{"emulator":{"name":"functions"},"message":"[runtime-status] [29332] Resolved module firebase-admin {\"declared\":true,\"installed\":true,\"version\":\"9.3.0\",\"resolution\":\"/Users/alwanmortada/Desktop/AMZ-Clone/functions/node_modules/firebase-admin/lib/index.js\"}"}}
[debug] [2020-11-02T03:36:29.438Z] [runtime-status] [29332] Resolved module firebase-functions {"declared":true,"installed":true,"version":"3.11.0","resolution":"/Users/alwanmortada/Desktop/AMZ-Clone/functions/node_modules/firebase-functions/lib/index.js"} {"metadata":{"emulator":{"name":"functions"},"message":"[runtime-status] [29332] Resolved module firebase-functions {\"declared\":true,\"installed\":true,\"version\":\"3.11.0\",\"resolution\":\"/Users/alwanmortada/Desktop/AMZ-Clone/functions/node_modules/firebase-functions/lib/index.js\"}"}}
[debug] [2020-11-02T03:36:29.439Z] [runtime-status] [29332] Resolved module firebase-functions {"declared":true,"installed":true,"version":"3.11.0","resolution":"/Users/alwanmortada/Desktop/AMZ-Clone/functions/node_modules/firebase-functions/lib/index.js"} {"metadata":{"emulator":{"name":"functions"},"message":"[runtime-status] [29332] Resolved module firebase-functions {\"declared\":true,\"installed\":true,\"version\":\"3.11.0\",\"resolution\":\"/Users/alwanmortada/Desktop/AMZ-Clone/functions/node_modules/firebase-functions/lib/index.js\"}"}}
[debug] [2020-11-02T03:36:29.440Z] [runtime-status] [29332] Outgoing network have been stubbed. [{"name":"http","status":"mocked"},{"name":"http","status":"mocked"},{"name":"https","status":"mocked"},{"name":"https","status":"mocked"},{"name":"net","status":"mocked"}] {"metadata":{"emulator":{"name":"functions"},"message":"[runtime-status] [29332] Outgoing network have been stubbed. [{\"name\":\"http\",\"status\":\"mocked\"},{\"name\":\"http\",\"status\":\"mocked\"},{\"name\":\"https\",\"status\":\"mocked\"},{\"name\":\"https\",\"status\":\"mocked\"},{\"name\":\"net\",\"status\":\"mocked\"}]"}}
[debug] [2020-11-02T03:36:29.441Z] [runtime-status] [29332] Resolved module firebase-functions {"declared":true,"installed":true,"version":"3.11.0","resolution":"/Users/alwanmortada/Desktop/AMZ-Clone/functions/node_modules/firebase-functions/lib/index.js"} {"metadata":{"emulator":{"name":"functions"},"message":"[runtime-status] [29332] Resolved module firebase-functions {\"declared\":true,\"installed\":true,\"version\":\"3.11.0\",\"resolution\":\"/Users/alwanmortada/Desktop/AMZ-Clone/functions/node_modules/firebase-functions/lib/index.js\"}"}}
[debug] [2020-11-02T03:36:29.496Z] [runtime-status] [29332] Checked functions.config() {"config":{}} {"metadata":{"emulator":{"name":"functions"},"message":"[runtime-status] [29332] Checked functions.config() {\"config\":{}}"}}
[debug] [2020-11-02T03:36:29.496Z] [runtime-status] [29332] firebase-functions has been stubbed. {"functionsResolution":{"declared":true,"installed":true,"version":"3.11.0","resolution":"/Users/alwanmortada/Desktop/AMZ-Clone/functions/node_modules/firebase-functions/lib/index.js"}} {"metadata":{"emulator":{"name":"functions"},"message":"[runtime-status] [29332] firebase-functions has been stubbed. {\"functionsResolution\":{\"declared\":true,\"installed\":true,\"version\":\"3.11.0\",\"resolution\":\"/Users/alwanmortada/Desktop/AMZ-Clone/functions/node_modules/firebase-functions/lib/index.js\"}}"}}
[debug] [2020-11-02T03:36:29.496Z] [runtime-status] [29332] Resolved module firebase-functions {"declared":true,"installed":true,"version":"3.11.0","resolution":"/Users/alwanmortada/Desktop/AMZ-Clone/functions/node_modules/firebase-functions/lib/index.js"} {"metadata":{"emulator":{"name":"functions"},"message":"[runtime-status] [29332] Resolved module firebase-functions {\"declared\":true,\"installed\":true,\"version\":\"3.11.0\",\"resolution\":\"/Users/alwanmortada/Desktop/AMZ-Clone/functions/node_modules/firebase-functions/lib/index.js\"}"}}
[debug] [2020-11-02T03:36:29.497Z] [runtime-status] [29332] Resolved module firebase-admin {"declared":true,"installed":true,"version":"9.3.0","resolution":"/Users/alwanmortada/Desktop/AMZ-Clone/functions/node_modules/firebase-admin/lib/index.js"} {"metadata":{"emulator":{"name":"functions"},"message":"[runtime-status] [29332] Resolved module firebase-admin {\"declared\":true,\"installed\":true,\"version\":\"9.3.0\",\"resolution\":\"/Users/alwanmortada/Desktop/AMZ-Clone/functions/node_modules/firebase-admin/lib/index.js\"}"}}
[debug] [2020-11-02T03:36:29.497Z] [runtime-status] [29332] Resolved module firebase-functions {"declared":true,"installed":true,"version":"3.11.0","resolution":"/Users/alwanmortada/Desktop/AMZ-Clone/functions/node_modules/firebase-functions/lib/index.js"} {"metadata":{"emulator":{"name":"functions"},"message":"[runtime-status] [29332] Resolved module firebase-functions {\"declared\":true,\"installed\":true,\"version\":\"3.11.0\",\"resolution\":\"/Users/alwanmortada/Desktop/AMZ-Clone/functions/node_modules/firebase-functions/lib/index.js\"}"}}
[debug] [2020-11-02T03:36:29.498Z] [runtime-status] [29332] firebase-admin has been stubbed. {"adminResolution":{"declared":true,"installed":true,"version":"9.3.0","resolution":"/Users/alwanmortada/Desktop/AMZ-Clone/functions/node_modules/firebase-admin/lib/index.js"}} {"metadata":{"emulator":{"name":"functions"},"message":"[runtime-status] [29332] firebase-admin has been stubbed. {\"adminResolution\":{\"declared\":true,\"installed\":true,\"version\":\"9.3.0\",\"resolution\":\"/Users/alwanmortada/Desktop/AMZ-Clone/functions/node_modules/firebase-admin/lib/index.js\"}}"}}
[info] ✔  functions[api]: http function initialized (http://localhost:5001/youtubereact-142720/us-central1/api). {"metadata":{"emulator":{"name":"functions"},"message":"\u001b[1mhttp\u001b[22m function initialized (http://localhost:5001/youtubereact-142720/us-central1/api)."}}
[info] 
┌───────────────────────────────────────────────────────────────────────┐
│ ✔  All emulators ready! View status and logs at http://localhost:4001 │
└───────────────────────────────────────────────────────────────────────┘

┌───────────┬────────────────┬─────────────────────────────────┐
│ Emulator  │ Host:Port      │ View in Emulator UI             │
├───────────┼────────────────┼─────────────────────────────────┤
│ Functions │ localhost:5001 │ http://localhost:4001/functions │
├───────────┼────────────────┼─────────────────────────────────┤
│ Hosting   │ localhost:5000 │ n/a                             │
└───────────┴────────────────┴─────────────────────────────────┘
  Other reserved ports: 4400, 4500

Issues? Report them at https://github.com/firebase/firebase-tools/issues and attach the *-debug.log files.
 
[debug] [2020-11-02T03:36:29.635Z] [worker-~diagnostic~-6ee06203-db26-431b-85b1-a76b2348102a]: IDLE {"metadata":{"emulator":{"name":"functions"},"message":"[worker-~diagnostic~-6ee06203-db26-431b-85b1-a76b2348102a]: IDLE"}}
[debug] [2020-11-02T03:37:00.964Z] [work-queue] {"queueLength":1,"workRunningCount":0}
[debug] [2020-11-02T03:37:00.964Z] [work-queue] {"queueLength":0,"workRunningCount":1}
[debug] [2020-11-02T03:37:00.965Z] Accepted request POST /youtubereact-142720/us-central1/api/payments/create?total=218996 --> api
[debug] [2020-11-02T03:37:00.971Z] [worker-pool] addWorker(api) {"metadata":{"emulator":{"name":"functions"},"message":"[worker-pool] addWorker(api)"}}
[debug] [2020-11-02T03:37:00.972Z] [worker-pool] Adding worker with key api, total=1 {"metadata":{"emulator":{"name":"functions"},"message":"[worker-pool] Adding worker with key api, total=1"}}
[debug] [2020-11-02T03:37:00.972Z] [worker-pool] submitWork(triggerId=api) {"metadata":{"emulator":{"name":"functions"},"message":"[worker-pool] submitWork(triggerId=api)"}}
[debug] [2020-11-02T03:37:00.972Z] [worker-api-b70bf5da-6f35-457b-bae8-c52a0ed2a45f]: Assigning socketPath: /var/folders/q5/9qtlsc897ldb3clrnh3nv9cm0000gn/T/fire_emu_29372.sock {"metadata":{"emulator":{"name":"functions"},"message":"[worker-api-b70bf5da-6f35-457b-bae8-c52a0ed2a45f]: Assigning socketPath: /var/folders/q5/9qtlsc897ldb3clrnh3nv9cm0000gn/T/fire_emu_29372.sock"}}
[debug] [2020-11-02T03:37:00.975Z] [worker-api-b70bf5da-6f35-457b-bae8-c52a0ed2a45f]: BUSY {"metadata":{"emulator":{"name":"functions"},"message":"[worker-api-b70bf5da-6f35-457b-bae8-c52a0ed2a45f]: BUSY"}}
[debug] [2020-11-02T03:37:01.364Z] [runtime-status] [29372] Functions runtime initialized. {"cwd":"/Users/alwanmortada/Desktop/AMZ-Clone/functions","node_version":"12.16.1"} {"metadata":{"emulator":{"name":"functions"},"function":{"name":"api"},"message":"[runtime-status] [29372] Functions runtime initialized. {\"cwd\":\"/Users/alwanmortada/Desktop/AMZ-Clone/functions\",\"node_version\":\"12.16.1\"}"}}
[debug] [2020-11-02T03:37:01.366Z] [runtime-status] [29372] Disabled runtime features: undefined {"metadata":{"emulator":{"name":"functions"},"function":{"name":"api"},"message":"[runtime-status] [29372] Disabled runtime features: undefined"}}
[debug] [2020-11-02T03:37:01.368Z] [runtime-status] [29372] Resolved module firebase-admin {"declared":true,"installed":true,"version":"9.3.0","resolution":"/Users/alwanmortada/Desktop/AMZ-Clone/functions/node_modules/firebase-admin/lib/index.js"} {"metadata":{"emulator":{"name":"functions"},"function":{"name":"api"},"message":"[runtime-status] [29372] Resolved module firebase-admin {\"declared\":true,\"installed\":true,\"version\":\"9.3.0\",\"resolution\":\"/Users/alwanmortada/Desktop/AMZ-Clone/functions/node_modules/firebase-admin/lib/index.js\"}"}}
[debug] [2020-11-02T03:37:01.369Z] [runtime-status] [29372] Resolved module firebase-functions {"declared":true,"installed":true,"version":"3.11.0","resolution":"/Users/alwanmortada/Desktop/AMZ-Clone/functions/node_modules/firebase-functions/lib/index.js"} {"metadata":{"emulator":{"name":"functions"},"function":{"name":"api"},"message":"[runtime-status] [29372] Resolved module firebase-functions {\"declared\":true,\"installed\":true,\"version\":\"3.11.0\",\"resolution\":\"/Users/alwanmortada/Desktop/AMZ-Clone/functions/node_modules/firebase-functions/lib/index.js\"}"}}
[debug] [2020-11-02T03:37:01.370Z] [runtime-status] [29372] Resolved module firebase-functions {"declared":true,"installed":true,"version":"3.11.0","resolution":"/Users/alwanmortada/Desktop/AMZ-Clone/functions/node_modules/firebase-functions/lib/index.js"} {"metadata":{"emulator":{"name":"functions"},"function":{"name":"api"},"message":"[runtime-status] [29372] Resolved module firebase-functions {\"declared\":true,\"installed\":true,\"version\":\"3.11.0\",\"resolution\":\"/Users/alwanmortada/Desktop/AMZ-Clone/functions/node_modules/firebase-functions/lib/index.js\"}"}}
[debug] [2020-11-02T03:37:01.371Z] [runtime-status] [29372] Outgoing network have been stubbed. [{"name":"http","status":"mocked"},{"name":"http","status":"mocked"},{"name":"https","status":"mocked"},{"name":"https","status":"mocked"},{"name":"net","status":"mocked"}] {"metadata":{"emulator":{"name":"functions"},"function":{"name":"api"},"message":"[runtime-status] [29372] Outgoing network have been stubbed. [{\"name\":\"http\",\"status\":\"mocked\"},{\"name\":\"http\",\"status\":\"mocked\"},{\"name\":\"https\",\"status\":\"mocked\"},{\"name\":\"https\",\"status\":\"mocked\"},{\"name\":\"net\",\"status\":\"mocked\"}]"}}
[debug] [2020-11-02T03:37:01.372Z] [runtime-status] [29372] Resolved module firebase-functions {"declared":true,"installed":true,"version":"3.11.0","resolution":"/Users/alwanmortada/Desktop/AMZ-Clone/functions/node_modules/firebase-functions/lib/index.js"} {"metadata":{"emulator":{"name":"functions"},"function":{"name":"api"},"message":"[runtime-status] [29372] Resolved module firebase-functions {\"declared\":true,\"installed\":true,\"version\":\"3.11.0\",\"resolution\":\"/Users/alwanmortada/Desktop/AMZ-Clone/functions/node_modules/firebase-functions/lib/index.js\"}"}}
[debug] [2020-11-02T03:37:01.400Z] [runtime-status] [29372] Checked functions.config() {"config":{}} {"metadata":{"emulator":{"name":"functions"},"function":{"name":"api"},"message":"[runtime-status] [29372] Checked functions.config() {\"config\":{}}"}}
[debug] [2020-11-02T03:37:01.400Z] [runtime-status] [29372] firebase-functions has been stubbed. {"functionsResolution":{"declared":true,"installed":true,"version":"3.11.0","resolution":"/Users/alwanmortada/Desktop/AMZ-Clone/functions/node_modules/firebase-functions/lib/index.js"}} {"metadata":{"emulator":{"name":"functions"},"function":{"name":"api"},"message":"[runtime-status] [29372] firebase-functions has been stubbed. {\"functionsResolution\":{\"declared\":true,\"installed\":true,\"version\":\"3.11.0\",\"resolution\":\"/Users/alwanmortada/Desktop/AMZ-Clone/functions/node_modules/firebase-functions/lib/index.js\"}}"}}
[debug] [2020-11-02T03:37:01.401Z] [runtime-status] [29372] Resolved module firebase-functions {"declared":true,"installed":true,"version":"3.11.0","resolution":"/Users/alwanmortada/Desktop/AMZ-Clone/functions/node_modules/firebase-functions/lib/index.js"} {"metadata":{"emulator":{"name":"functions"},"function":{"name":"api"},"message":"[runtime-status] [29372] Resolved module firebase-functions {\"declared\":true,\"installed\":true,\"version\":\"3.11.0\",\"resolution\":\"/Users/alwanmortada/Desktop/AMZ-Clone/functions/node_modules/firebase-functions/lib/index.js\"}"}}
[debug] [2020-11-02T03:37:01.401Z] [runtime-status] [29372] Resolved module firebase-admin {"declared":true,"installed":true,"version":"9.3.0","resolution":"/Users/alwanmortada/Desktop/AMZ-Clone/functions/node_modules/firebase-admin/lib/index.js"} {"metadata":{"emulator":{"name":"functions"},"function":{"name":"api"},"message":"[runtime-status] [29372] Resolved module firebase-admin {\"declared\":true,\"installed\":true,\"version\":\"9.3.0\",\"resolution\":\"/Users/alwanmortada/Desktop/AMZ-Clone/functions/node_modules/firebase-admin/lib/index.js\"}"}}
[debug] [2020-11-02T03:37:01.401Z] [runtime-status] [29372] Resolved module firebase-functions {"declared":true,"installed":true,"version":"3.11.0","resolution":"/Users/alwanmortada/Desktop/AMZ-Clone/functions/node_modules/firebase-functions/lib/index.js"} {"metadata":{"emulator":{"name":"functions"},"function":{"name":"api"},"message":"[runtime-status] [29372] Resolved module firebase-functions {\"declared\":true,\"installed\":true,\"version\":\"3.11.0\",\"resolution\":\"/Users/alwanmortada/Desktop/AMZ-Clone/functions/node_modules/firebase-functions/lib/index.js\"}"}}
[debug] [2020-11-02T03:37:01.402Z] [runtime-status] [29372] firebase-admin has been stubbed. {"adminResolution":{"declared":true,"installed":true,"version":"9.3.0","resolution":"/Users/alwanmortada/Desktop/AMZ-Clone/functions/node_modules/firebase-admin/lib/index.js"}} {"metadata":{"emulator":{"name":"functions"},"function":{"name":"api"},"message":"[runtime-status] [29372] firebase-admin has been stubbed. {\"adminResolution\":{\"declared\":true,\"installed\":true,\"version\":\"9.3.0\",\"resolution\":\"/Users/alwanmortada/Desktop/AMZ-Clone/functions/node_modules/firebase-admin/lib/index.js\"}}"}}
[debug] [2020-11-02T03:37:01.485Z] [runtime-status] [29372] Trigger "api" has been found, beginning invocation! {"metadata":{"emulator":{"name":"functions"},"function":{"name":"api"},"message":"[runtime-status] [29372] Trigger \"api\" has been found, beginning invocation!"}}
[info] i  functions: Beginning execution of "api" {"metadata":{"emulator":{"name":"functions"},"function":{"name":"api"},"message":"Beginning execution of \"api\""}}
[debug] [2020-11-02T03:37:01.486Z] [runtime-status] [29372] triggerDefinition {"httpsTrigger":{},"name":"api","entryPoint":"api"} {"metadata":{"emulator":{"name":"functions"},"function":{"name":"api"},"message":"[runtime-status] [29372] triggerDefinition {\"httpsTrigger\":{},\"name\":\"api\",\"entryPoint\":\"api\"}"}}
[debug] [2020-11-02T03:37:01.486Z] [runtime-status] [29372] Running api in mode HTTPS {"metadata":{"emulator":{"name":"functions"},"function":{"name":"api"},"message":"[runtime-status] [29372] Running api in mode HTTPS"}}
[debug] [2020-11-02T03:37:01.490Z] [runtime-status] [29372] Attempting to listen to socketPath: /var/folders/q5/9qtlsc897ldb3clrnh3nv9cm0000gn/T/fire_emu_29372.sock {"metadata":{"emulator":{"name":"functions"},"function":{"name":"api"},"message":"[runtime-status] [29372] Attempting to listen to socketPath: /var/folders/q5/9qtlsc897ldb3clrnh3nv9cm0000gn/T/fire_emu_29372.sock"}}
[debug] [2020-11-02T03:37:01.492Z] [functions] Runtime ready! Sending request! {"metadata":{"emulator":{"name":"functions"},"message":"[functions] Runtime ready! Sending request!"}}
[debug] [2020-11-02T03:37:01.500Z] [runtime-status] [29372] Ephemeral server handling POST request {"metadata":{"emulator":{"name":"functions"},"function":{"name":"api"},"message":"[runtime-status] [29372] Ephemeral server handling POST request"}}
[info] >  Payment Request Recieved BOOM!!! for this amount >>>  218996 {"user":"Payment Request Recieved BOOM!!! for this amount >>>  218996","metadata":{"emulator":{"name":"functions"},"function":{"name":"api"},"message":"\u001b[90m> \u001b[39m Payment Request Recieved BOOM!!! for this amount >>>  218996"}}
[debug] [2020-11-02T03:37:01.529Z] [runtime-status] [29372] Ephemeral server survived. {"metadata":{"emulator":{"name":"functions"},"function":{"name":"api"},"message":"[runtime-status] [29372] Ephemeral server survived."}}
[info] i  functions: Finished "api" in ~1s {"metadata":{"emulator":{"name":"functions"},"function":{"name":"api"},"message":"Finished \"api\" in ~1s"}}
[debug] [2020-11-02T03:37:02.057Z] [worker-api-b70bf5da-6f35-457b-bae8-c52a0ed2a45f]: IDLE {"metadata":{"emulator":{"name":"functions"},"message":"[worker-api-b70bf5da-6f35-457b-bae8-c52a0ed2a45f]: IDLE"}}
[debug] [2020-11-02T03:37:02.058Z] [work-queue] {"queueLength":0,"workRunningCount":0}
